<?xml version="1.0" encoding="UTF-8"?>
<testng-results ignored="0" total="1" passed="1" failed="0" skipped="0">
  <reporter-output>
  </reporter-output>
  <suite started-at="2022-09-07T17:59:42 EDT" name="Default suite" finished-at="2022-09-07T17:59:59 EDT" duration-ms="17663">
    <groups>
    </groups>
    <test started-at="2022-09-07T17:59:42 EDT" name="Default test" finished-at="2022-09-07T17:59:59 EDT" duration-ms="17663">
      <class name="com.extentreports.tests.AttachScreenshots">
        <test-method is-config="true" signature="setUp()[pri:0, instance:com.extentreports.tests.AttachScreenshots@65c7a252]" started-at="2022-09-07T17:59:41 EDT" name="setUp" finished-at="2022-09-07T17:59:42 EDT" duration-ms="738" status="PASS">
          <reporter-output>
          </reporter-output>
        </test-method> <!-- setUp -->
        <test-method signature="attachScreenShotTest()[pri:0, instance:com.extentreports.tests.AttachScreenshots@65c7a252]" started-at="2022-09-07T17:59:42 EDT" name="attachScreenShotTest" finished-at="2022-09-07T17:59:59 EDT" duration-ms="17587" status="PASS">
          <reporter-output>
          </reporter-output>
        </test-method> <!-- attachScreenShotTest -->
        <test-method is-config="true" signature="tearDown()[pri:0, instance:com.extentreports.tests.AttachScreenshots@65c7a252]" started-at="2022-09-07T17:59:59 EDT" name="tearDown" finished-at="2022-09-07T18:00:09 EDT" duration-ms="10025" status="PASS">
          <reporter-output>
          </reporter-output>
        </test-method> <!-- tearDown -->
      </class> <!-- com.extentreports.tests.AttachScreenshots -->
    </test> <!-- Default test -->
  </suite> <!-- Default suite -->
</testng-results>
